This is METAFONT, Version 2.718 (Web2C 7.2) (base=mf 2000.10.29)  6 NOV 2000 21:02
**\mode:=ljfour; mag:=1+0/600; nonstopmode; input eccc0900
(/boot/apps/GeekGadgets/share/texmf/fonts/source/jknappen/ec/eccc0900.mf
(/boot/apps/GeekGadgets/share/texmf/fonts/source/jknappen/ec/exbase.mf)
(/boot/apps/GeekGadgets/share/texmf/fonts/source/jknappen/ec/eccc.mf
(/boot/apps/GeekGadgets/share/texmf/fonts/source/jknappen/ec/excsc.mf
 Ok (/boot/apps/GeekGadgets/share/texmf/fonts/source/jknappen/ec/exaccess.mf
 Ok) (/boot/apps/GeekGadgets/share/texmf/fonts/source/jknappen/ec/expseudo.mf
 Ok) (/boot/apps/GeekGadgets/share/texmf/fonts/source/jknappen/ec/exruwest.mf
 Ok [192] [193] [194] [195] [196] [197] [198] [199] [200] [201] [202] [203]
[204] [205] [206] [207] [208] [209] [210] [211] [212] [213] [214] [215]
[216] [217] [218] [219] [220] [221] [222] [223])
(/boot/apps/GeekGadgets/share/texmf/fonts/source/jknappen/ec/exrueast.mf
 Ok [128] [129] [130] [131] [132] [133] [134] [135] [136] [137] [138] [139]
[140] [141] [142] [143] [144] [145] [146] [147] [148] [149] [150] [151]
[152] [153] [154] [155] [156] [157])
(/boot/apps/GeekGadgets/share/texmf/fonts/source/jknappen/ec/exrulett.mf
 Ok [65] [66] [67] [68] [69] [70] [71] [72] [73] [74] [75] [76] [77] [78]
[79] [80] [81] [82] [83] [84] [85] [86] [87] [88] [89] [90])
(/boot/apps/GeekGadgets/share/texmf/fonts/source/jknappen/ec/exbraces.mf
 Ok [94] [126] [23] [40] [41] [60] [124] [62] [91] [93] [92] [123] [125]
[95] [127] [32])
(/boot/apps/GeekGadgets/share/texmf/fonts/source/jknappen/ec/expunct.mf
 Ok [14] [15] [19] [20] [13] [18] [33] [39] [42] [43] [44] [46] [47] [58]
[59] [61] [96] [189] [17] [45] [16] [21] [22])
(/boot/apps/GeekGadgets/share/texmf/fonts/source/jknappen/ec/exsign.mf
 Ok [24] [34] [35] [36] [37] [64] [191] [159])
(/boot/apps/GeekGadgets/share/texmf/fonts/source/jknappen/ec/exromp.mf
 Ok [38] [63] [190])
(/boot/apps/GeekGadgets/share/texmf/fonts/source/jknappen/ec/exrdigit.mf
 Ok [48] [49] [50] [51] [52] [53] [54] [55] [56] [57])
(/boot/apps/GeekGadgets/share/texmf/fonts/source/jknappen/ec/expseudo.mf
 Ok) (/boot/apps/GeekGadgets/share/texmf/fonts/source/jknappen/ec/excspl.mf
 Ok [25] [26] [27] [28] [29] [30] [31]
! Interruption.
<to be read again> 
                   pair
lft->begingroup(EXPR2)+if.pair
                              (EXPR2):(pen_lft,0)else:pen_lft.fi.endgroup
<to be read again> 
                   =
serif->....nib]+whatever*downward;lft.x(SUFFIX4)0=
                                                  lft.x(SUFFIX4)1=tiny.lft.x...
<to be read again> 
                   ;
nodish_serif->...FIX2),(EXPR3),-(EXPR4))(SUFFIX8);
                                                  serif((SUFFIX0),(SUFFIX1),...
<to be read again> 
                   ;
l.237 ...serif(2,1,c,1/3,cap_jut,d,1/3,.5cap_jut);
                                                   fi  % lower serif
? 
! Emergency stop.
<to be read again> 
                   pair
lft->begingroup(EXPR2)+if.pair
                              (EXPR2):(pen_lft,0)else:pen_lft.fi.endgroup
<to be read again> 
                   =
serif->....nib]+whatever*downward;lft.x(SUFFIX4)0=
                                                  lft.x(SUFFIX4)1=tiny.lft.x...
<to be read again> 
                   ;
nodish_serif->...FIX2),(EXPR3),-(EXPR4))(SUFFIX8);
                                                  serif((SUFFIX0),(SUFFIX1),...
<to be read again> 
                   ;
l.237 ...serif(2,1,c,1/3,cap_jut,d,1/3,.5cap_jut);
                                                   fi  % lower serif
End of file on the terminal!

 
Here is how much of METAFONT's memory you used:
 631 strings out of 5369
 7735 string characters out of 71302
 42242 words of memory out of 263001
 1466 symbolic tokens out of 9500
 13i,79n,0r,23p,252b stack positions out of 300i,300n,1000r,150p,3000b
 
(You used 41w,16h,11d,4i,0l,0k,0e,15p metric file positions
  out of 256w,16h,16d,64i,15000l,2500k,256e,60p)
Font metrics written on eccc0900.tfm.
Output written on eccc0900.600gf (155 characters, 30496 bytes).
